<?xml version="1.0" encoding="UTF-8"?>
<!-- Generated by org.testng.reporters.JUnitReportReporter -->
<testsuite hostname="DESKTOP-KA91B3B" failures="0" tests="5" name="YahooGmailPractice.testCase.Yahoo" time="89.116" errors="0" timestamp="19 Feb 2021 03:28:21 GMT" skipped="0">
  <testcase classname="YahooGmailPractice.testCase.Yahoo" name="login" time="19.280"/>
  <testcase classname="YahooGmailPractice.testCase.Yahoo" name="loginValidate" time="14.007"/>
  <testcase classname="YahooGmailPractice.testCase.Yahoo" name="composeEmail" time="13.285"/>
  <testcase classname="YahooGmailPractice.testCase.Yahoo" name="validateSent" time="4.801"/>
  <testcase classname="YahooGmailPractice.testCase.Yahoo" name="logout" time="37.743"/>
</testsuite> <!-- YahooGmailPractice.testCase.Yahoo -->
